2022-06-21 21:36:42,836 INFO 8468 [egg:logger] init all loggers with options: {"dir":"F:\\web\\git\\soft\\soft\\egg-server\\logs\\server","encoding":"utf8","env":"local","level":"INFO","consoleLevel":"INFO","disableConsoleAfterReady":false,"outputJSON":false,"buffer":true,"appLogName":"server-web.log","coreLogName":"egg-web.log","agentLogName":"egg-agent.log","errorLogName":"common-error.log","coreLogger":{"consoleLevel":"WARN"},"allowDebugAtProd":false,"enablePerformanceTimer":false,"type":"application"}
2022-06-21 21:36:42,853 INFO 8468 [egg-multipart] stream mode enable
2022-06-21 21:36:42,917 INFO 8468 [egg-static] starting static serve /public/ -> F:\web\git\soft\soft\egg-server\app\public
2022-06-21 21:36:42,920 INFO 8468 [egg-security] use csrf middleware
2022-06-21 21:36:42,920 INFO 8468 [egg-security] use methodnoallow middleware
2022-06-21 21:36:42,921 INFO 8468 [egg-security] use noopen middleware
2022-06-21 21:36:42,922 INFO 8468 [egg-security] use nosniff middleware
2022-06-21 21:36:42,922 INFO 8468 [egg-security] use xssProtection middleware
2022-06-21 21:36:42,923 INFO 8468 [egg-security] use xframe middleware
2022-06-21 21:36:42,923 INFO 8468 [egg-security] use dta middleware
2022-06-21 21:36:42,923 INFO 8468 [egg-security] compose 7 middlewares into one security middleware
2022-06-21 21:36:42,933 INFO 8468 [egg:core] dump config after load, 7ms
2022-06-21 21:36:42,945 INFO 8468 [egg-watcher:application] watcher start success
2022-06-21 21:36:42,950 INFO 8468 [egg:core] dump config after ready, 4ms
2022-06-21 21:40:11,800 INFO 23896 [egg:logger] init all loggers with options: {"dir":"F:\\web\\git\\soft\\soft\\egg-server\\logs\\server","encoding":"utf8","env":"local","level":"INFO","consoleLevel":"INFO","disableConsoleAfterReady":false,"outputJSON":false,"buffer":true,"appLogName":"server-web.log","coreLogName":"egg-web.log","agentLogName":"egg-agent.log","errorLogName":"common-error.log","coreLogger":{"consoleLevel":"WARN"},"allowDebugAtProd":false,"enablePerformanceTimer":false,"type":"application"}
2022-06-21 21:40:11,841 INFO 23896 [egg-multipart] stream mode enable
2022-06-21 21:40:11,975 INFO 23896 [egg-static] starting static serve /public/ -> F:\web\git\soft\soft\egg-server\app\public
2022-06-21 21:40:11,979 INFO 23896 [egg-security] use csrf middleware
2022-06-21 21:40:11,980 INFO 23896 [egg-security] use methodnoallow middleware
2022-06-21 21:40:11,980 INFO 23896 [egg-security] use noopen middleware
2022-06-21 21:40:11,981 INFO 23896 [egg-security] use nosniff middleware
2022-06-21 21:40:11,981 INFO 23896 [egg-security] use xssProtection middleware
2022-06-21 21:40:11,981 INFO 23896 [egg-security] use xframe middleware
2022-06-21 21:40:11,982 INFO 23896 [egg-security] use dta middleware
2022-06-21 21:40:11,982 INFO 23896 [egg-security] compose 7 middlewares into one security middleware
2022-06-21 21:40:11,994 INFO 23896 [egg:core] dump config after load, 7ms
2022-06-21 21:40:12,006 INFO 23896 [egg-watcher:application] watcher start success
2022-06-21 21:40:12,013 INFO 23896 [egg:core] dump config after ready, 5ms
